<?xml version="1.0" encoding="UTF-8"?>
<testng-results ignored="0" total="1" passed="1" failed="0" skipped="0">
  <reporter-output>
  </reporter-output>
  <suite started-at="2023-08-13T00:08:20 IST" name="Default suite" finished-at="2023-08-13T00:08:45 IST" duration-ms="25486">
    <groups>
    </groups>
    <test started-at="2023-08-13T00:08:20 IST" name="Default test" finished-at="2023-08-13T00:08:45 IST" duration-ms="25486">
      <class name="omayo.testcases.VerifyMultiSelectFunctionlityOfDropDown">
        <test-method is-config="true" signature="setup()[pri:0, instance:omayo.testcases.VerifyMultiSelectFunctionlityOfDropDown@6340e5f0]" started-at="2023-08-13T00:08:20 IST" name="setup" finished-at="2023-08-13T00:08:43 IST" duration-ms="23098" status="PASS">
          <reporter-output>
          </reporter-output>
        </test-method> <!-- setup -->
        <test-method signature="verifyMultiSelectFunctionlityOfDropDown()[pri:0, instance:omayo.testcases.VerifyMultiSelectFunctionlityOfDropDown@6340e5f0]" started-at="2023-08-13T00:08:43 IST" name="verifyMultiSelectFunctionlityOfDropDown" finished-at="2023-08-13T00:08:44 IST" duration-ms="1255" status="PASS">
          <reporter-output>
          </reporter-output>
        </test-method> <!-- verifyMultiSelectFunctionlityOfDropDown -->
        <test-method is-config="true" signature="teardown()[pri:0, instance:omayo.testcases.VerifyMultiSelectFunctionlityOfDropDown@6340e5f0]" started-at="2023-08-13T00:08:44 IST" name="teardown" finished-at="2023-08-13T00:08:45 IST" duration-ms="1015" status="PASS">
          <reporter-output>
          </reporter-output>
        </test-method> <!-- teardown -->
      </class> <!-- omayo.testcases.VerifyMultiSelectFunctionlityOfDropDown -->
    </test> <!-- Default test -->
  </suite> <!-- Default suite -->
</testng-results>
